<?xml version="1.0" encoding="UTF-8"?>
<testng-results skipped="0" failed="0" total="1" passed="1">
  <reporter-output>
  </reporter-output>
  <suite name="Default suite" duration-ms="17278" started-at="2015-08-21T04:51:55Z" finished-at="2015-08-21T04:52:12Z">
    <groups>
    </groups>
    <test name="Default test" duration-ms="17278" started-at="2015-08-21T04:51:55Z" finished-at="2015-08-21T04:52:12Z">
      <class name="training.test.TestProductLoaderPage">
        <test-method status="PASS" signature="setUp()[pri:0, instance:training.test.TestProductLoaderPage@7cf10a6f]" name="setUp" is-config="true" duration-ms="3460" started-at="2015-08-21T01:51:51Z" finished-at="2015-08-21T01:51:55Z">
          <reporter-output>
          </reporter-output>
        </test-method> <!-- setUp -->
        <test-method status="PASS" signature="createPageObjectInstances()[pri:0, instance:training.test.TestProductLoaderPage@7cf10a6f]" name="createPageObjectInstances" is-config="true" duration-ms="1" started-at="2015-08-21T01:51:55Z" finished-at="2015-08-21T01:51:55Z">
          <reporter-output>
          </reporter-output>
        </test-method> <!-- createPageObjectInstances -->
        <test-method status="PASS" signature="goToCreateProductPage()[pri:0, instance:training.test.TestProductLoaderPage@7cf10a6f]" name="goToCreateProductPage" is-config="true" duration-ms="1040" started-at="2015-08-21T01:51:55Z" finished-at="2015-08-21T01:51:56Z">
          <reporter-output>
          </reporter-output>
        </test-method> <!-- goToCreateProductPage -->
        <test-method status="PASS" signature="testLoad10RandomPricesAreSavedCorrectly()[pri:0, instance:training.test.TestProductLoaderPage@7cf10a6f]" name="testLoad10RandomPricesAreSavedCorrectly" duration-ms="16228" started-at="2015-08-21T01:51:56Z" finished-at="2015-08-21T01:52:12Z">
          <reporter-output>
          </reporter-output>
        </test-method> <!-- testLoad10RandomPricesAreSavedCorrectly -->
        <test-method status="PASS" signature="tearDown()[pri:0, instance:training.test.TestProductLoaderPage@7cf10a6f]" name="tearDown" is-config="true" duration-ms="22" started-at="2015-08-21T01:52:12Z" finished-at="2015-08-21T01:52:12Z">
          <reporter-output>
          </reporter-output>
        </test-method> <!-- tearDown -->
      </class> <!-- training.test.TestProductLoaderPage -->
    </test> <!-- Default test -->
  </suite> <!-- Default suite -->
</testng-results>
